2020-05-08 21:30:42,940 0      [           main] DEBUG ache.ibatis.logging.LogFactory  - Logging initialized using 'class org.apache.ibatis.logging.log4j.Log4jImpl' adapter.
2020-05-08 21:30:43,176 236    [           main] DEBUG source.pooled.PooledDataSource  - PooledDataSource forcefully closed/removed all connections.
2020-05-08 21:30:43,176 236    [           main] DEBUG source.pooled.PooledDataSource  - PooledDataSource forcefully closed/removed all connections.
2020-05-08 21:30:43,176 236    [           main] DEBUG source.pooled.PooledDataSource  - PooledDataSource forcefully closed/removed all connections.
2020-05-08 21:30:43,176 236    [           main] DEBUG source.pooled.PooledDataSource  - PooledDataSource forcefully closed/removed all connections.
2020-05-08 21:30:43,300 360    [           main] DEBUG ansaction.jdbc.JdbcTransaction  - Opening JDBC Connection
2020-05-08 21:30:43,587 647    [           main] DEBUG source.pooled.PooledDataSource  - Created connection 2048425748.
2020-05-08 21:30:43,588 648    [           main] DEBUG ansaction.jdbc.JdbcTransaction  - Setting autocommit to false on JDBC Connection [com.mysql.jdbc.JDBC4Connection@7a187f14]
2020-05-08 21:30:43,591 651    [           main] DEBUG m.itheima.dao.IUserDao.findAll  - ==>  Preparing: select * from user; 
2020-05-08 21:30:43,627 687    [           main] DEBUG m.itheima.dao.IUserDao.findAll  - ==> Parameters: 
2020-05-08 21:30:43,662 722    [           main] DEBUG m.itheima.dao.IUserDao.findAll  - <==      Total: 6
2020-05-08 21:30:43,664 724    [           main] DEBUG ansaction.jdbc.JdbcTransaction  - Resetting autocommit to true on JDBC Connection [com.mysql.jdbc.JDBC4Connection@7a187f14]
2020-05-08 21:30:43,665 725    [           main] DEBUG ansaction.jdbc.JdbcTransaction  - Closing JDBC Connection [com.mysql.jdbc.JDBC4Connection@7a187f14]
2020-05-08 21:30:43,666 726    [           main] DEBUG source.pooled.PooledDataSource  - Returned connection 2048425748 to pool.
2020-05-08 22:50:05,847 0      [           main] DEBUG ache.ibatis.logging.LogFactory  - Logging initialized using 'class org.apache.ibatis.logging.log4j.Log4jImpl' adapter.
2020-05-08 22:50:06,000 153    [           main] DEBUG source.pooled.PooledDataSource  - PooledDataSource forcefully closed/removed all connections.
2020-05-08 22:50:06,000 153    [           main] DEBUG source.pooled.PooledDataSource  - PooledDataSource forcefully closed/removed all connections.
2020-05-08 22:50:06,000 153    [           main] DEBUG source.pooled.PooledDataSource  - PooledDataSource forcefully closed/removed all connections.
2020-05-08 22:50:06,000 153    [           main] DEBUG source.pooled.PooledDataSource  - PooledDataSource forcefully closed/removed all connections.
2020-05-08 22:51:49,607 0      [           main] DEBUG ache.ibatis.logging.LogFactory  - Logging initialized using 'class org.apache.ibatis.logging.log4j.Log4jImpl' adapter.
2020-05-08 22:51:49,718 111    [           main] DEBUG source.pooled.PooledDataSource  - PooledDataSource forcefully closed/removed all connections.
2020-05-08 22:51:49,718 111    [           main] DEBUG source.pooled.PooledDataSource  - PooledDataSource forcefully closed/removed all connections.
2020-05-08 22:51:49,718 111    [           main] DEBUG source.pooled.PooledDataSource  - PooledDataSource forcefully closed/removed all connections.
2020-05-08 22:51:49,718 111    [           main] DEBUG source.pooled.PooledDataSource  - PooledDataSource forcefully closed/removed all connections.
2020-05-08 22:52:30,597 0      [           main] DEBUG ache.ibatis.logging.LogFactory  - Logging initialized using 'class org.apache.ibatis.logging.log4j.Log4jImpl' adapter.
2020-05-08 22:52:30,715 118    [           main] DEBUG source.pooled.PooledDataSource  - PooledDataSource forcefully closed/removed all connections.
2020-05-08 22:52:30,715 118    [           main] DEBUG source.pooled.PooledDataSource  - PooledDataSource forcefully closed/removed all connections.
2020-05-08 22:52:30,716 119    [           main] DEBUG source.pooled.PooledDataSource  - PooledDataSource forcefully closed/removed all connections.
2020-05-08 22:52:30,716 119    [           main] DEBUG source.pooled.PooledDataSource  - PooledDataSource forcefully closed/removed all connections.
2020-05-08 22:53:20,520 0      [           main] DEBUG ache.ibatis.logging.LogFactory  - Logging initialized using 'class org.apache.ibatis.logging.log4j.Log4jImpl' adapter.
2020-05-08 22:53:20,623 103    [           main] DEBUG source.pooled.PooledDataSource  - PooledDataSource forcefully closed/removed all connections.
2020-05-08 22:53:20,623 103    [           main] DEBUG source.pooled.PooledDataSource  - PooledDataSource forcefully closed/removed all connections.
2020-05-08 22:53:20,623 103    [           main] DEBUG source.pooled.PooledDataSource  - PooledDataSource forcefully closed/removed all connections.
2020-05-08 22:53:20,624 104    [           main] DEBUG source.pooled.PooledDataSource  - PooledDataSource forcefully closed/removed all connections.
2020-05-08 22:53:20,812 292    [           main] DEBUG ansaction.jdbc.JdbcTransaction  - Opening JDBC Connection
2020-05-08 22:53:21,030 510    [           main] DEBUG source.pooled.PooledDataSource  - Created connection 1391942103.
2020-05-08 22:53:21,030 510    [           main] DEBUG ansaction.jdbc.JdbcTransaction  - Setting autocommit to false on JDBC Connection [com.mysql.jdbc.JDBC4Connection@52f759d7]
2020-05-08 22:53:21,032 512    [           main] DEBUG o.IUserDao.findUserByCondition  - ==>  Preparing: select * from user where 1=1 username = ? 
2020-05-08 22:53:21,057 537    [           main] DEBUG o.IUserDao.findUserByCondition  - ==> Parameters: 老王(String)
2020-05-08 22:53:21,060 540    [           main] DEBUG ansaction.jdbc.JdbcTransaction  - Resetting autocommit to true on JDBC Connection [com.mysql.jdbc.JDBC4Connection@52f759d7]
2020-05-08 22:53:21,061 541    [           main] DEBUG ansaction.jdbc.JdbcTransaction  - Closing JDBC Connection [com.mysql.jdbc.JDBC4Connection@52f759d7]
2020-05-08 22:53:21,061 541    [           main] DEBUG source.pooled.PooledDataSource  - Returned connection 1391942103 to pool.
2020-05-08 22:54:17,942 0      [           main] DEBUG ache.ibatis.logging.LogFactory  - Logging initialized using 'class org.apache.ibatis.logging.log4j.Log4jImpl' adapter.
2020-05-08 22:54:18,106 164    [           main] DEBUG source.pooled.PooledDataSource  - PooledDataSource forcefully closed/removed all connections.
2020-05-08 22:54:18,106 164    [           main] DEBUG source.pooled.PooledDataSource  - PooledDataSource forcefully closed/removed all connections.
2020-05-08 22:54:18,106 164    [           main] DEBUG source.pooled.PooledDataSource  - PooledDataSource forcefully closed/removed all connections.
2020-05-08 22:54:18,106 164    [           main] DEBUG source.pooled.PooledDataSource  - PooledDataSource forcefully closed/removed all connections.
2020-05-08 22:54:20,786 1      [           main] DEBUG ache.ibatis.logging.LogFactory  - Logging initialized using 'class org.apache.ibatis.logging.log4j.Log4jImpl' adapter.
2020-05-08 22:54:20,911 126    [           main] DEBUG source.pooled.PooledDataSource  - PooledDataSource forcefully closed/removed all connections.
2020-05-08 22:54:20,911 126    [           main] DEBUG source.pooled.PooledDataSource  - PooledDataSource forcefully closed/removed all connections.
2020-05-08 22:54:20,912 127    [           main] DEBUG source.pooled.PooledDataSource  - PooledDataSource forcefully closed/removed all connections.
2020-05-08 22:54:20,912 127    [           main] DEBUG source.pooled.PooledDataSource  - PooledDataSource forcefully closed/removed all connections.
2020-05-08 22:54:50,544 0      [           main] DEBUG ache.ibatis.logging.LogFactory  - Logging initialized using 'class org.apache.ibatis.logging.log4j.Log4jImpl' adapter.
2020-05-08 22:54:50,674 130    [           main] DEBUG source.pooled.PooledDataSource  - PooledDataSource forcefully closed/removed all connections.
2020-05-08 22:54:50,674 130    [           main] DEBUG source.pooled.PooledDataSource  - PooledDataSource forcefully closed/removed all connections.
2020-05-08 22:54:50,675 131    [           main] DEBUG source.pooled.PooledDataSource  - PooledDataSource forcefully closed/removed all connections.
2020-05-08 22:54:50,675 131    [           main] DEBUG source.pooled.PooledDataSource  - PooledDataSource forcefully closed/removed all connections.
2020-05-08 22:54:50,849 305    [           main] DEBUG ansaction.jdbc.JdbcTransaction  - Opening JDBC Connection
2020-05-08 22:54:51,094 550    [           main] DEBUG source.pooled.PooledDataSource  - Created connection 150138649.
2020-05-08 22:54:51,094 550    [           main] DEBUG ansaction.jdbc.JdbcTransaction  - Setting autocommit to false on JDBC Connection [com.mysql.jdbc.JDBC4Connection@8f2ef19]
2020-05-08 22:54:51,096 552    [           main] DEBUG o.IUserDao.findUserByCondition  - ==>  Preparing: select * from user where 1=1 username = ? 
2020-05-08 22:54:51,124 580    [           main] DEBUG o.IUserDao.findUserByCondition  - ==> Parameters: 老王(String)
2020-05-08 22:54:51,128 584    [           main] DEBUG ansaction.jdbc.JdbcTransaction  - Resetting autocommit to true on JDBC Connection [com.mysql.jdbc.JDBC4Connection@8f2ef19]
2020-05-08 22:54:51,128 584    [           main] DEBUG ansaction.jdbc.JdbcTransaction  - Closing JDBC Connection [com.mysql.jdbc.JDBC4Connection@8f2ef19]
2020-05-08 22:54:51,129 585    [           main] DEBUG source.pooled.PooledDataSource  - Returned connection 150138649 to pool.
2020-05-08 22:55:40,928 0      [           main] DEBUG ache.ibatis.logging.LogFactory  - Logging initialized using 'class org.apache.ibatis.logging.log4j.Log4jImpl' adapter.
2020-05-08 22:55:41,033 105    [           main] DEBUG source.pooled.PooledDataSource  - PooledDataSource forcefully closed/removed all connections.
2020-05-08 22:55:41,033 105    [           main] DEBUG source.pooled.PooledDataSource  - PooledDataSource forcefully closed/removed all connections.
2020-05-08 22:55:41,034 106    [           main] DEBUG source.pooled.PooledDataSource  - PooledDataSource forcefully closed/removed all connections.
2020-05-08 22:55:41,034 106    [           main] DEBUG source.pooled.PooledDataSource  - PooledDataSource forcefully closed/removed all connections.
2020-05-08 22:55:41,165 237    [           main] DEBUG ansaction.jdbc.JdbcTransaction  - Opening JDBC Connection
2020-05-08 22:55:41,375 447    [           main] DEBUG source.pooled.PooledDataSource  - Created connection 1391942103.
2020-05-08 22:55:41,375 447    [           main] DEBUG ansaction.jdbc.JdbcTransaction  - Setting autocommit to false on JDBC Connection [com.mysql.jdbc.JDBC4Connection@52f759d7]
2020-05-08 22:55:41,377 449    [           main] DEBUG o.IUserDao.findUserByCondition  - ==>  Preparing: select * from user where 1=1 and username = ? 
2020-05-08 22:55:41,404 476    [           main] DEBUG o.IUserDao.findUserByCondition  - ==> Parameters: 老王(String)
2020-05-08 22:55:41,426 498    [           main] DEBUG o.IUserDao.findUserByCondition  - <==      Total: 2
2020-05-08 22:55:41,429 501    [           main] DEBUG ansaction.jdbc.JdbcTransaction  - Resetting autocommit to true on JDBC Connection [com.mysql.jdbc.JDBC4Connection@52f759d7]
2020-05-08 22:55:41,430 502    [           main] DEBUG ansaction.jdbc.JdbcTransaction  - Closing JDBC Connection [com.mysql.jdbc.JDBC4Connection@52f759d7]
2020-05-08 22:55:41,430 502    [           main] DEBUG source.pooled.PooledDataSource  - Returned connection 1391942103 to pool.
2020-05-08 22:59:49,273 0      [           main] DEBUG ache.ibatis.logging.LogFactory  - Logging initialized using 'class org.apache.ibatis.logging.log4j.Log4jImpl' adapter.
2020-05-08 22:59:49,390 117    [           main] DEBUG source.pooled.PooledDataSource  - PooledDataSource forcefully closed/removed all connections.
2020-05-08 22:59:49,390 117    [           main] DEBUG source.pooled.PooledDataSource  - PooledDataSource forcefully closed/removed all connections.
2020-05-08 22:59:49,390 117    [           main] DEBUG source.pooled.PooledDataSource  - PooledDataSource forcefully closed/removed all connections.
2020-05-08 22:59:49,390 117    [           main] DEBUG source.pooled.PooledDataSource  - PooledDataSource forcefully closed/removed all connections.
2020-05-08 22:59:49,538 265    [           main] DEBUG ansaction.jdbc.JdbcTransaction  - Opening JDBC Connection
2020-05-08 22:59:49,773 500    [           main] DEBUG source.pooled.PooledDataSource  - Created connection 1053631449.
2020-05-08 22:59:49,773 500    [           main] DEBUG ansaction.jdbc.JdbcTransaction  - Setting autocommit to false on JDBC Connection [com.mysql.jdbc.JDBC4Connection@3ecd23d9]
2020-05-08 22:59:49,776 503    [           main] DEBUG o.IUserDao.findUserByCondition  - ==>  Preparing: select * from user where 1=1 and username = ? 
2020-05-08 22:59:49,808 535    [           main] DEBUG o.IUserDao.findUserByCondition  - ==> Parameters: 老王(String)
2020-05-08 22:59:49,836 563    [           main] DEBUG o.IUserDao.findUserByCondition  - <==      Total: 2
2020-05-08 22:59:49,841 568    [           main] DEBUG ansaction.jdbc.JdbcTransaction  - Resetting autocommit to true on JDBC Connection [com.mysql.jdbc.JDBC4Connection@3ecd23d9]
2020-05-08 22:59:49,842 569    [           main] DEBUG ansaction.jdbc.JdbcTransaction  - Closing JDBC Connection [com.mysql.jdbc.JDBC4Connection@3ecd23d9]
2020-05-08 22:59:49,842 569    [           main] DEBUG source.pooled.PooledDataSource  - Returned connection 1053631449 to pool.
2020-05-08 23:00:12,965 0      [           main] DEBUG ache.ibatis.logging.LogFactory  - Logging initialized using 'class org.apache.ibatis.logging.log4j.Log4jImpl' adapter.
2020-05-08 23:00:13,073 108    [           main] DEBUG source.pooled.PooledDataSource  - PooledDataSource forcefully closed/removed all connections.
2020-05-08 23:00:13,073 108    [           main] DEBUG source.pooled.PooledDataSource  - PooledDataSource forcefully closed/removed all connections.
2020-05-08 23:00:13,073 108    [           main] DEBUG source.pooled.PooledDataSource  - PooledDataSource forcefully closed/removed all connections.
2020-05-08 23:00:13,074 109    [           main] DEBUG source.pooled.PooledDataSource  - PooledDataSource forcefully closed/removed all connections.
2020-05-08 23:00:13,229 264    [           main] DEBUG ansaction.jdbc.JdbcTransaction  - Opening JDBC Connection
2020-05-08 23:00:13,492 527    [           main] DEBUG source.pooled.PooledDataSource  - Created connection 1391942103.
2020-05-08 23:00:13,492 527    [           main] DEBUG ansaction.jdbc.JdbcTransaction  - Setting autocommit to false on JDBC Connection [com.mysql.jdbc.JDBC4Connection@52f759d7]
2020-05-08 23:00:13,494 529    [           main] DEBUG o.IUserDao.findUserByCondition  - ==>  Preparing: select * from user where 1=1 and username = ? and sex = ? 
2020-05-08 23:00:13,527 562    [           main] DEBUG o.IUserDao.findUserByCondition  - ==> Parameters: 老王(String), 男(String)
2020-05-08 23:00:13,556 591    [           main] DEBUG o.IUserDao.findUserByCondition  - <==      Total: 1
2020-05-08 23:00:13,561 596    [           main] DEBUG ansaction.jdbc.JdbcTransaction  - Resetting autocommit to true on JDBC Connection [com.mysql.jdbc.JDBC4Connection@52f759d7]
2020-05-08 23:00:13,562 597    [           main] DEBUG ansaction.jdbc.JdbcTransaction  - Closing JDBC Connection [com.mysql.jdbc.JDBC4Connection@52f759d7]
2020-05-08 23:00:13,562 597    [           main] DEBUG source.pooled.PooledDataSource  - Returned connection 1391942103 to pool.
2020-05-08 23:01:50,046 0      [           main] DEBUG ache.ibatis.logging.LogFactory  - Logging initialized using 'class org.apache.ibatis.logging.log4j.Log4jImpl' adapter.
2020-05-08 23:01:50,180 134    [           main] DEBUG source.pooled.PooledDataSource  - PooledDataSource forcefully closed/removed all connections.
2020-05-08 23:01:50,180 134    [           main] DEBUG source.pooled.PooledDataSource  - PooledDataSource forcefully closed/removed all connections.
2020-05-08 23:01:50,180 134    [           main] DEBUG source.pooled.PooledDataSource  - PooledDataSource forcefully closed/removed all connections.
2020-05-08 23:01:50,180 134    [           main] DEBUG source.pooled.PooledDataSource  - PooledDataSource forcefully closed/removed all connections.
2020-05-08 23:01:50,344 298    [           main] DEBUG ansaction.jdbc.JdbcTransaction  - Opening JDBC Connection
2020-05-08 23:01:50,596 550    [           main] DEBUG source.pooled.PooledDataSource  - Created connection 1991371192.
2020-05-08 23:01:50,596 550    [           main] DEBUG ansaction.jdbc.JdbcTransaction  - Setting autocommit to false on JDBC Connection [com.mysql.jdbc.JDBC4Connection@76b1e9b8]
2020-05-08 23:01:50,599 553    [           main] DEBUG o.IUserDao.findUserByCondition  - ==>  Preparing: select * from user WHERE username = ? and sex = ? 
2020-05-08 23:01:50,635 589    [           main] DEBUG o.IUserDao.findUserByCondition  - ==> Parameters: 老王(String), 男(String)
2020-05-08 23:01:50,661 615    [           main] DEBUG o.IUserDao.findUserByCondition  - <==      Total: 1
2020-05-08 23:01:50,665 619    [           main] DEBUG ansaction.jdbc.JdbcTransaction  - Resetting autocommit to true on JDBC Connection [com.mysql.jdbc.JDBC4Connection@76b1e9b8]
2020-05-08 23:01:50,666 620    [           main] DEBUG ansaction.jdbc.JdbcTransaction  - Closing JDBC Connection [com.mysql.jdbc.JDBC4Connection@76b1e9b8]
2020-05-08 23:01:50,666 620    [           main] DEBUG source.pooled.PooledDataSource  - Returned connection 1991371192 to pool.
2020-05-09 09:31:53,222 0      [           main] DEBUG ache.ibatis.logging.LogFactory  - Logging initialized using 'class org.apache.ibatis.logging.log4j.Log4jImpl' adapter.
2020-05-09 09:31:53,670 448    [           main] DEBUG source.pooled.PooledDataSource  - PooledDataSource forcefully closed/removed all connections.
2020-05-09 09:31:53,670 448    [           main] DEBUG source.pooled.PooledDataSource  - PooledDataSource forcefully closed/removed all connections.
2020-05-09 09:31:53,670 448    [           main] DEBUG source.pooled.PooledDataSource  - PooledDataSource forcefully closed/removed all connections.
2020-05-09 09:31:53,670 448    [           main] DEBUG source.pooled.PooledDataSource  - PooledDataSource forcefully closed/removed all connections.
2020-05-09 09:33:00,448 0      [           main] DEBUG ache.ibatis.logging.LogFactory  - Logging initialized using 'class org.apache.ibatis.logging.log4j.Log4jImpl' adapter.
2020-05-09 09:33:00,570 122    [           main] DEBUG source.pooled.PooledDataSource  - PooledDataSource forcefully closed/removed all connections.
2020-05-09 09:33:00,570 122    [           main] DEBUG source.pooled.PooledDataSource  - PooledDataSource forcefully closed/removed all connections.
2020-05-09 09:33:00,570 122    [           main] DEBUG source.pooled.PooledDataSource  - PooledDataSource forcefully closed/removed all connections.
2020-05-09 09:33:00,571 123    [           main] DEBUG source.pooled.PooledDataSource  - PooledDataSource forcefully closed/removed all connections.
2020-05-09 09:38:34,729 0      [           main] DEBUG ache.ibatis.logging.LogFactory  - Logging initialized using 'class org.apache.ibatis.logging.log4j.Log4jImpl' adapter.
2020-05-09 09:38:34,851 122    [           main] DEBUG source.pooled.PooledDataSource  - PooledDataSource forcefully closed/removed all connections.
2020-05-09 09:38:34,852 123    [           main] DEBUG source.pooled.PooledDataSource  - PooledDataSource forcefully closed/removed all connections.
2020-05-09 09:38:34,852 123    [           main] DEBUG source.pooled.PooledDataSource  - PooledDataSource forcefully closed/removed all connections.
2020-05-09 09:38:34,852 123    [           main] DEBUG source.pooled.PooledDataSource  - PooledDataSource forcefully closed/removed all connections.
2020-05-09 09:44:06,018 0      [           main] DEBUG ache.ibatis.logging.LogFactory  - Logging initialized using 'class org.apache.ibatis.logging.log4j.Log4jImpl' adapter.
2020-05-09 09:44:06,137 119    [           main] DEBUG source.pooled.PooledDataSource  - PooledDataSource forcefully closed/removed all connections.
2020-05-09 09:44:06,137 119    [           main] DEBUG source.pooled.PooledDataSource  - PooledDataSource forcefully closed/removed all connections.
2020-05-09 09:44:06,137 119    [           main] DEBUG source.pooled.PooledDataSource  - PooledDataSource forcefully closed/removed all connections.
2020-05-09 09:44:06,137 119    [           main] DEBUG source.pooled.PooledDataSource  - PooledDataSource forcefully closed/removed all connections.
2020-05-09 09:45:27,029 0      [           main] DEBUG ache.ibatis.logging.LogFactory  - Logging initialized using 'class org.apache.ibatis.logging.log4j.Log4jImpl' adapter.
2020-05-09 09:45:27,178 149    [           main] DEBUG source.pooled.PooledDataSource  - PooledDataSource forcefully closed/removed all connections.
2020-05-09 09:45:27,179 150    [           main] DEBUG source.pooled.PooledDataSource  - PooledDataSource forcefully closed/removed all connections.
2020-05-09 09:45:27,179 150    [           main] DEBUG source.pooled.PooledDataSource  - PooledDataSource forcefully closed/removed all connections.
2020-05-09 09:45:27,179 150    [           main] DEBUG source.pooled.PooledDataSource  - PooledDataSource forcefully closed/removed all connections.
2020-05-09 09:45:27,416 387    [           main] DEBUG ansaction.jdbc.JdbcTransaction  - Opening JDBC Connection
2020-05-09 09:45:27,712 683    [           main] DEBUG source.pooled.PooledDataSource  - Created connection 963522361.
2020-05-09 09:45:27,713 684    [           main] DEBUG ansaction.jdbc.JdbcTransaction  - Setting autocommit to false on JDBC Connection [com.mysql.jdbc.JDBC4Connection@396e2f39]
2020-05-09 09:45:27,715 686    [           main] DEBUG ima.dao.IUserDao.findUserInIds  - ==>  Preparing: select * from user WHERE id in ( ? , ? , ? ) 
2020-05-09 09:45:27,743 714    [           main] DEBUG ima.dao.IUserDao.findUserInIds  - ==> Parameters: 41(Integer), 44(Integer), 48(Integer)
2020-05-09 09:45:27,790 761    [           main] DEBUG ima.dao.IUserDao.findUserInIds  - <==      Total: 2
2020-05-09 09:45:27,791 762    [           main] DEBUG ansaction.jdbc.JdbcTransaction  - Resetting autocommit to true on JDBC Connection [com.mysql.jdbc.JDBC4Connection@396e2f39]
2020-05-09 09:45:27,792 763    [           main] DEBUG ansaction.jdbc.JdbcTransaction  - Closing JDBC Connection [com.mysql.jdbc.JDBC4Connection@396e2f39]
2020-05-09 09:45:27,792 763    [           main] DEBUG source.pooled.PooledDataSource  - Returned connection 963522361 to pool.
